warning: Tag 'TCL_SUBST' at line 247 of file 'Doxyfile' has become obsolete.
         To avoid this warning please remove this line from your configuration file or upgrade it using "doxygen -u"
warning: Tag 'COLS_IN_ALPHA_INDEX' at line 1101 of file 'Doxyfile' has become obsolete.
         To avoid this warning please remove this line from your configuration file or upgrade it using "doxygen -u"
warning: Tag 'HTML_TIMESTAMP' at line 1237 of file 'Doxyfile' has become obsolete.
         To avoid this warning please remove this line from your configuration file or upgrade it using "doxygen -u"
warning: Tag 'FORMULA_TRANSPARENT' at line 1518 of file 'Doxyfile' has become obsolete.
         To avoid this warning please remove this line from your configuration file or upgrade it using "doxygen -u"
warning: Tag 'LATEX_SOURCE_CODE' at line 1806 of file 'Doxyfile' has become obsolete.
         To avoid this warning please remove this line from your configuration file or upgrade it using "doxygen -u"
warning: Tag 'LATEX_TIMESTAMP' at line 1822 of file 'Doxyfile' has become obsolete.
         To avoid this warning please remove this line from your configuration file or upgrade it using "doxygen -u"
warning: Tag 'RTF_SOURCE_CODE' at line 1888 of file 'Doxyfile' has become obsolete.
         To avoid this warning please remove this line from your configuration file or upgrade it using "doxygen -u"
warning: Tag 'DOCBOOK_PROGRAMLISTING' at line 1986 of file 'Doxyfile' has become obsolete.
         To avoid this warning please remove this line from your configuration file or upgrade it using "doxygen -u"
warning: Tag 'PERL_PATH' at line 2166 of file 'Doxyfile' has become obsolete.
         To avoid this warning please remove this line from your configuration file or upgrade it using "doxygen -u"
warning: Tag 'CLASS_DIAGRAMS' at line 2179 of file 'Doxyfile' has become obsolete.
         To avoid this warning please remove this line from your configuration file or upgrade it using "doxygen -u"
warning: Tag 'MSCGEN_PATH' at line 2188 of file 'Doxyfile' has become obsolete.
         To avoid this warning please remove this line from your configuration file or upgrade it using "doxygen -u"
warning: Tag 'DOT_FONTNAME' at line 2230 of file 'Doxyfile' has become obsolete.
         To avoid this warning please remove this line from your configuration file or upgrade it using "doxygen -u"
warning: Tag 'DOT_FONTSIZE' at line 2237 of file 'Doxyfile' has become obsolete.
         To avoid this warning please remove this line from your configuration file or upgrade it using "doxygen -u"
warning: Tag 'DOT_TRANSPARENT' at line 2463 of file 'Doxyfile' has become obsolete.
         To avoid this warning please remove this line from your configuration file or upgrade it using "doxygen -u"
warning: argument 'a4wide' for option PAPER_TYPE is not a valid enum value
Using the default: a4!
warning: doxygen no longer ships with the FreeSans font.
  You may want to clear or change DOT_FONTNAME.
  Otherwise you run the risk that the wrong font is being used for dot generated graphs.
warning: The selected output language "polish" has not been updated
since release 1.8.2.  As a result some sentences may appear in English.

/home/marcin/PWr/sem7/ZAAMP2025/zalazek/dox/pages/strony_dokumentacji.dox:45: warning: image file diagram_czynnosci.png is not found in IMAGE_PATH: assuming external image.
/home/marcin/PWr/sem7/ZAAMP2025/zalazek/inc/geomVector.hh:43: warning: unable to resolve link to 'geomVector.hh::ERR_DOUBLE' for \link command
/home/marcin/PWr/sem7/ZAAMP2025/zalazek/inc/geomVector.hh:45: warning: unable to resolve link to 'geomVector.hh::ERR_DOUBLE' for \link command
/home/marcin/PWr/sem7/ZAAMP2025/zalazek/inc/geomVector.hh:47: warning: unable to resolve link to 'geomVector.hh::ERR_DOUBLE' for \link command
/home/marcin/PWr/sem7/ZAAMP2025/zalazek/inc/geomVector.hh:48: warning: unable to resolve link to 'geomVector.hh::ERR_DOUBLE' for \link command
/home/marcin/PWr/sem7/ZAAMP2025/zalazek/inc/geomVector.hh:49: warning: unable to resolve link to 'geomVector.hh::ERR_DOUBLE' for \link command
